[debug] [2021-04-20T10:37:24.216Z] ----------------------------------------------------------------------
[debug] [2021-04-20T10:37:24.217Z] Command:       /usr/local/bin/node /usr/local/bin/firebase init hosting
[debug] [2021-04-20T10:37:24.218Z] CLI Version:   9.10.0
[debug] [2021-04-20T10:37:24.218Z] Platform:      darwin
[debug] [2021-04-20T10:37:24.218Z] Node Version:  v12.18.4
[debug] [2021-04-20T10:37:24.219Z] Time:          Tue Apr 20 2021 16:07:24 GMT+0530 (India Standard Time)
[debug] [2021-04-20T10:37:24.219Z] ----------------------------------------------------------------------
[debug] 
[debug] [2021-04-20T10:37:24.220Z] >>> [apiv2][query] GET https://firebase-public.firebaseio.com/cli.json [none]
[debug] [2021-04-20T10:37:24.237Z] > command requires scopes: ["email","openid","https://www.googleapis.com/auth/cloudplatformprojects.readonly","https://www.googleapis.com/auth/firebase","https://www.googleapis.com/auth/cloud-platform"]
[debug] [2021-04-20T10:37:24.237Z] > authorizing via signed-in user (amitsonirsj@gmail.com)
[info] 
     ######## #### ########  ######## ########     ###     ######  ########
     ##        ##  ##     ## ##       ##     ##  ##   ##  ##       ##
     ######    ##  ########  ######   ########  #########  ######  ######
     ##        ##  ##    ##  ##       ##     ## ##     ##       ## ##
     ##       #### ##     ## ######## ########  ##     ##  ######  ########

You're about to initialize a Firebase project in this directory:

  /Users/amitsonirsj/Desktop/crownstack-rms

[info] 
=== Project Setup
[info] 
[info] First, let's associate this project directory with a Firebase project.
[info] You can create multiple project aliases by running firebase use --add, 
[info] but for now we'll just set up a default project.
[info] 
[debug] [2021-04-20T10:37:25.237Z] <<< [apiv2][status] GET https://firebase-public.firebaseio.com/cli.json 200
[debug] [2021-04-20T10:37:25.237Z] <<< [apiv2][body] GET https://firebase-public.firebaseio.com/cli.json {"cloudBuildErrorAfter":1594252800000,"cloudBuildWarnAfter":1590019200000,"defaultNode10After":1594252800000,"minVersion":"3.0.5","node8DeploysDisabledAfter":1613390400000,"node8RuntimeDisabledAfter":1615809600000,"node8WarnAfter":1600128000000}
[debug] [2021-04-20T10:37:34.779Z] >>> [apiv2][query] GET https://firebase.googleapis.com/v1beta1/projects pageSize=100
[debug] [2021-04-20T10:37:35.606Z] <<< [apiv2][status] GET https://firebase.googleapis.com/v1beta1/projects 200
[debug] [2021-04-20T10:37:35.606Z] <<< [apiv2][body] GET https://firebase.googleapis.com/v1beta1/projects [omitted]
[info] i  Using project retail-management-system-4b754 (Retail Management System) 
[info] 
=== Hosting Setup
[info] 
[info] Your public directory is the folder (relative to your project directory) that
[info] will contain Hosting assets to be uploaded with firebase deploy. If you
[info] have a build process for your assets, use your build's output directory.
[info] 
[debug] [2021-04-20T10:38:58.111Z] >>> [apiv2][query] GET https://www.gstatic.com/firebasejs/releases.json [none]
[debug] [2021-04-20T10:38:58.297Z] <<< [apiv2][status] GET https://www.gstatic.com/firebasejs/releases.json 200
[debug] [2021-04-20T10:38:58.297Z] <<< [apiv2][body] GET https://www.gstatic.com/firebasejs/releases.json {"current":{"version":"8.4.1","browserURL":"https://www.gstatic.com/firebasejs/8.4.1/firebase.js","packageURL":"https://www.gstatic.com/firebasejs/8.4.1/firebase.tgz"},"live":{"version":"8.4","browserURL":"https://www.gstatic.com/firebasejs/live/8.4/firebase.js","packageURL":"https://www.gstatic.com/firebasejs/live/8.4/firebase.tgz"},"components":{"analytics":"https://www.gstatic.com/firebasejs/8.4.1/firebase-analytics.js","app":"https://www.gstatic.com/firebasejs/8.4.1/firebase-app.js","auth":"https://www.gstatic.com/firebasejs/8.4.1/firebase-auth.js","database":"https://www.gstatic.com/firebasejs/8.4.1/firebase-database.js","firestore":"https://www.gstatic.com/firebasejs/8.4.1/firebase-firestore.js","functions":"https://www.gstatic.com/firebasejs/8.4.1/firebase-functions.js","installations":"https://www.gstatic.com/firebasejs/8.4.1/firebase-installations.js","messaging":"https://www.gstatic.com/firebasejs/8.4.1/firebase-messaging.js","storage":"https://www.gstatic.com/firebasejs/8.4.1/firebase-storage.js","performance":"https://www.gstatic.com/firebasejs/8.4.1/firebase-performance.js","remote-config":"https://www.gstatic.com/firebasejs/8.4.1/firebase-remote-config.js","firestore.memory":"https://www.gstatic.com/firebasejs/8.4.1/firebase-firestore.memory.js"}}
[info] ✔  Wrote dist/crownstack-rms/index.html 
[info] 
[info] i  Detected a .git folder at /Users/amitsonirsj/Desktop/crownstack-rms 
[info] i  Authorizing with GitHub to upload your service account to a GitHub repository's secrets store. 
[info] 
[info] Visit this URL on this device to log in:
[info] https://github.com/login/oauth/authorize?client_id=89cf50f02ac6aaed3484&state=66051358&redirect_uri=http%3A%2F%2Flocalhost%3A9005&scope=read%3Auser%20repo%20public_repo
[info] 
[info] Waiting for authentication...
[debug] [2021-04-20T10:40:11.130Z] >>> HTTP REQUEST POST https://github.com/login/oauth/access_token  
 {"client_id":"89cf50f02ac6aaed3484","client_secret":"3330d14abc895d9a74d5f17cd7a00711fa2c5bf0","code":"2cbe6c5d4b2e81c8a173","redirect_uri":"http://localhost:9005","state":"66051358"}
[debug] [2021-04-20T10:40:11.595Z] <<< HTTP RESPONSE 200 {"server":"GitHub.com","date":"Tue, 20 Apr 2021 10:40:11 GMT","content-type":"application/json; charset=utf-8","transfer-encoding":"chunked","vary":"X-PJAX, Accept-Encoding, Accept, X-Requested-With","etag":"W/\"a947475d7fe84d258b12065e4cfc565c\"","cache-control":"max-age=0, private, must-revalidate","strict-transport-security":"max-age=31536000; includeSubdomains; preload","x-frame-options":"deny","x-content-type-options":"nosniff","x-xss-protection":"0","referrer-policy":"origin-when-cross-origin, strict-origin-when-cross-origin","expect-ct":"max-age=2592000, report-uri=\"https://api.github.com/_private/browser/errors\"","content-security-policy":"default-src 'none'; base-uri 'self'; block-all-mixed-content; connect-src 'self' uploads.github.com www.githubstatus.com collector.githubapp.com api.github.com github-cloud.s3.amazonaws.com github-production-repository-file-5c1aeb.s3.amazonaws.com github-production-upload-manifest-file-7fdce7.s3.amazonaws.com github-production-user-asset-6210df.s3.amazonaws.com cdn.optimizely.com logx.optimizely.com/v1/events wss://alive.github.com; font-src github.githubassets.com; form-action 'self' github.com gist.github.com; frame-ancestors 'none'; frame-src render.githubusercontent.com; img-src 'self' data: github.githubassets.com identicons.github.com collector.githubapp.com github-cloud.s3.amazonaws.com secured-user-images.githubusercontent.com/ *.githubusercontent.com; manifest-src 'self'; media-src 'none'; script-src github.githubassets.com; style-src 'unsafe-inline' github.githubassets.com; worker-src github.com/socket-worker-3f088aa2.js gist.github.com/socket-worker-3f088aa2.js","x-github-request-id":"8BD4:49DC:129E8A1:1489C60:607EAF8B"}
[debug] [2021-04-20T10:40:11.600Z] >>> [apiv2][query] GET https://api.github.com/user [none]
[debug] [2021-04-20T10:40:12.052Z] <<< [apiv2][status] GET https://api.github.com/user 200
[debug] [2021-04-20T10:40:12.052Z] <<< [apiv2][body] GET https://api.github.com/user {"login":"amitsonirsj","id":47143436,"node_id":"MDQ6VXNlcjQ3MTQzNDM2","avatar_url":"https://avatars.githubusercontent.com/u/47143436?v=4","gravatar_id":"","url":"https://api.github.com/users/amitsonirsj","html_url":"https://github.com/amitsonirsj","followers_url":"https://api.github.com/users/amitsonirsj/followers","following_url":"https://api.github.com/users/amitsonirsj/following{/other_user}","gists_url":"https://api.github.com/users/amitsonirsj/gists{/gist_id}","starred_url":"https://api.github.com/users/amitsonirsj/starred{/owner}{/repo}","subscriptions_url":"https://api.github.com/users/amitsonirsj/subscriptions","organizations_url":"https://api.github.com/users/amitsonirsj/orgs","repos_url":"https://api.github.com/users/amitsonirsj/repos","events_url":"https://api.github.com/users/amitsonirsj/events{/privacy}","received_events_url":"https://api.github.com/users/amitsonirsj/received_events","type":"User","site_admin":false,"name":null,"company":null,"blog":"","location":null,"email":null,"hireable":null,"bio":null,"twitter_username":null,"public_repos":3,"public_gists":0,"followers":0,"following":0,"created_at":"2019-01-29T11:25:37Z","updated_at":"2021-04-20T10:39:58Z","private_gists":0,"total_private_repos":0,"owned_private_repos":0,"disk_usage":2357,"collaborators":0,"two_factor_authentication":false,"plan":{"name":"free","space":976562499,"collaborators":0,"private_repos":10000}}
[info] 
[info] ✔  Success! Logged into GitHub as amitsonirsj 
[info] 
[debug] [2021-04-20T10:41:48.220Z] >>> [apiv2][query] GET https://api.github.com/repos/amitsonirsj/actions/secrets/public-key type=owner
[debug] [2021-04-20T10:41:48.221Z] >>> [apiv2][query] GET https://api.github.com/repos///actions/secrets/public-key type=owner
[debug] [2021-04-20T10:41:48.628Z] <<< [apiv2][status] GET https://api.github.com/repos///actions/secrets/public-key 404
[debug] [2021-04-20T10:41:48.628Z] <<< [apiv2][body] GET https://api.github.com/repos///actions/secrets/public-key {"message":"Not Found","documentation_url":"https://docs.github.com/rest"}
[debug] [2021-04-20T10:41:48.639Z] <<< [apiv2][status] GET https://api.github.com/repos/amitsonirsj/actions/secrets/public-key 404
[debug] [2021-04-20T10:41:48.640Z] <<< [apiv2][body] GET https://api.github.com/repos/amitsonirsj/actions/secrets/public-key {"message":"Not Found","documentation_url":"https://docs.github.com/rest"}
[debug] [2021-04-20T10:42:05.940Z] >>> [apiv2][query] GET https://api.github.com/repos/amitsonirsj/retail-management-system/actions/secrets/public-key type=owner
[debug] [2021-04-20T10:42:06.381Z] <<< [apiv2][status] GET https://api.github.com/repos/amitsonirsj/retail-management-system/actions/secrets/public-key 200
[debug] [2021-04-20T10:42:06.381Z] <<< [apiv2][body] GET https://api.github.com/repos/amitsonirsj/retail-management-system/actions/secrets/public-key {"key_id":"568250167242549743","key":"Mxq1SgSkIKyyb0ZB1nobHe6ds0TdO4aZEZyp5OTGcHE="}
[debug] [2021-04-20T10:42:06.383Z] >>> [apiv2][query] GET https://api.github.com/repos/amitsonirsj/retail-management-system [none]
[debug] [2021-04-20T10:42:06.811Z] <<< [apiv2][status] GET https://api.github.com/repos/amitsonirsj/retail-management-system 200
[debug] [2021-04-20T10:42:06.811Z] <<< [apiv2][body] GET https://api.github.com/repos/amitsonirsj/retail-management-system {"id":359778362,"node_id":"MDEwOlJlcG9zaXRvcnkzNTk3NzgzNjI=","name":"retail-management-system","full_name":"amitsonirsj/retail-management-system","private":false,"owner":{"login":"amitsonirsj","id":47143436,"node_id":"MDQ6VXNlcjQ3MTQzNDM2","avatar_url":"https://avatars.githubusercontent.com/u/47143436?v=4","gravatar_id":"","url":"https://api.github.com/users/amitsonirsj","html_url":"https://github.com/amitsonirsj","followers_url":"https://api.github.com/users/amitsonirsj/followers","following_url":"https://api.github.com/users/amitsonirsj/following{/other_user}","gists_url":"https://api.github.com/users/amitsonirsj/gists{/gist_id}","starred_url":"https://api.github.com/users/amitsonirsj/starred{/owner}{/repo}","subscriptions_url":"https://api.github.com/users/amitsonirsj/subscriptions","organizations_url":"https://api.github.com/users/amitsonirsj/orgs","repos_url":"https://api.github.com/users/amitsonirsj/repos","events_url":"https://api.github.com/users/amitsonirsj/events{/privacy}","received_events_url":"https://api.github.com/users/amitsonirsj/received_events","type":"User","site_admin":false},"html_url":"https://github.com/amitsonirsj/retail-management-system","description":null,"fork":false,"url":"https://api.github.com/repos/amitsonirsj/retail-management-system","forks_url":"https://api.github.com/repos/amitsonirsj/retail-management-system/forks","keys_url":"https://api.github.com/repos/amitsonirsj/retail-management-system/keys{/key_id}","collaborators_url":"https://api.github.com/repos/amitsonirsj/retail-management-system/collaborators{/collaborator}","teams_url":"https://api.github.com/repos/amitsonirsj/retail-management-system/teams","hooks_url":"https://api.github.com/repos/amitsonirsj/retail-management-system/hooks","issue_events_url":"https://api.github.com/repos/amitsonirsj/retail-management-system/issues/events{/number}","events_url":"https://api.github.com/repos/amitsonirsj/retail-management-system/events","assignees_url":"https://api.github.com/repos/amitsonirsj/retail-management-system/assignees{/user}","branches_url":"https://api.github.com/repos/amitsonirsj/retail-management-system/branches{/branch}","tags_url":"https://api.github.com/repos/amitsonirsj/retail-management-system/tags","blobs_url":"https://api.github.com/repos/amitsonirsj/retail-management-system/git/blobs{/sha}","git_tags_url":"https://api.github.com/repos/amitsonirsj/retail-management-system/git/tags{/sha}","git_refs_url":"https://api.github.com/repos/amitsonirsj/retail-management-system/git/refs{/sha}","trees_url":"https://api.github.com/repos/amitsonirsj/retail-management-system/git/trees{/sha}","statuses_url":"https://api.github.com/repos/amitsonirsj/retail-management-system/statuses/{sha}","languages_url":"https://api.github.com/repos/amitsonirsj/retail-management-system/languages","stargazers_url":"https://api.github.com/repos/amitsonirsj/retail-management-system/stargazers","contributors_url":"https://api.github.com/repos/amitsonirsj/retail-management-system/contributors","subscribers_url":"https://api.github.com/repos/amitsonirsj/retail-management-system/subscribers","subscription_url":"https://api.github.com/repos/amitsonirsj/retail-management-system/subscription","commits_url":"https://api.github.com/repos/amitsonirsj/retail-management-system/commits{/sha}","git_commits_url":"https://api.github.com/repos/amitsonirsj/retail-management-system/git/commits{/sha}","comments_url":"https://api.github.com/repos/amitsonirsj/retail-management-system/comments{/number}","issue_comment_url":"https://api.github.com/repos/amitsonirsj/retail-management-system/issues/comments{/number}","contents_url":"https://api.github.com/repos/amitsonirsj/retail-management-system/contents/{+path}","compare_url":"https://api.github.com/repos/amitsonirsj/retail-management-system/compare/{base}...{head}","merges_url":"https://api.github.com/repos/amitsonirsj/retail-management-system/merges","archive_url":"https://api.github.com/repos/amitsonirsj/retail-management-system/{archive_format}{/ref}","downloads_url":"https://api.github.com/repos/amitsonirsj/retail-management-system/downloads","issues_url":"https://api.github.com/repos/amitsonirsj/retail-management-system/issues{/number}","pulls_url":"https://api.github.com/repos/amitsonirsj/retail-management-system/pulls{/number}","milestones_url":"https://api.github.com/repos/amitsonirsj/retail-management-system/milestones{/number}","notifications_url":"https://api.github.com/repos/amitsonirsj/retail-management-system/notifications{?since,all,participating}","labels_url":"https://api.github.com/repos/amitsonirsj/retail-management-system/labels{/name}","releases_url":"https://api.github.com/repos/amitsonirsj/retail-management-system/releases{/id}","deployments_url":"https://api.github.com/repos/amitsonirsj/retail-management-system/deployments","created_at":"2021-04-20T10:41:35Z","updated_at":"2021-04-20T10:41:35Z","pushed_at":"2021-04-20T10:41:36Z","git_url":"git://github.com/amitsonirsj/retail-management-system.git","ssh_url":"git@github.com:amitsonirsj/retail-management-system.git","clone_url":"https://github.com/amitsonirsj/retail-management-system.git","svn_url":"https://github.com/amitsonirsj/retail-management-system","homepage":null,"size":0,"stargazers_count":0,"watchers_count":0,"language":null,"has_issues":true,"has_projects":true,"has_downloads":true,"has_wiki":true,"has_pages":false,"forks_count":0,"mirror_url":null,"archived":false,"disabled":false,"open_issues_count":0,"license":null,"forks":0,"open_issues":0,"watchers":0,"default_branch":"main","permissions":{"admin":true,"push":true,"pull":true},"temp_clone_token":"","allow_squash_merge":true,"allow_merge_commit":true,"allow_rebase_merge":true,"delete_branch_on_merge":false,"network_count":0,"subscribers_count":1}
[debug] [2021-04-20T10:42:06.815Z] > refreshing access token with scopes: ["email","https://www.googleapis.com/auth/cloud-platform","https://www.googleapis.com/auth/cloudplatformprojects.readonly","https://www.googleapis.com/auth/firebase","openid"]
[debug] [2021-04-20T10:42:06.816Z] >>> HTTP REQUEST POST https://www.googleapis.com/oauth2/v3/token  
 <request body omitted>
[debug] [2021-04-20T10:42:07.076Z] <<< HTTP RESPONSE 200 {"cache-control":"no-cache, no-store, max-age=0, must-revalidate","date":"Tue, 20 Apr 2021 10:42:07 GMT","expires":"Mon, 01 Jan 1990 00:00:00 GMT","pragma":"no-cache","content-type":"application/json; charset=utf-8","vary":"X-Origin, Referer, Origin,Accept-Encoding","server":"scaffolding on HTTPServer2","x-xss-protection":"0","x-frame-options":"SAMEORIGIN","x-content-type-options":"nosniff","alt-svc":"h3-29=\":443\"; ma=2592000,h3-T051=\":443\"; ma=2592000,h3-Q050=\":443\"; ma=2592000,h3-Q046=\":443\"; ma=2592000,h3-Q043=\":443\"; ma=2592000,quic=\":443\"; ma=2592000; v=\"46,43\"","accept-ranges":"none","transfer-encoding":"chunked"}
[debug] [2021-04-20T10:42:07.101Z] >>> HTTP REQUEST POST https://iam.googleapis.com/v1/projects/retail-management-system-4b754/serviceAccounts  
 {"accountId":"github-action-359778362","serviceAccount":{"displayName":"GitHub Actions (amitsonirsj/retail-management-system)","description":"A service account with permission to deploy to Firebase Hosting for the GitHub repository amitsonirsj/retail-management-system"}}
[debug] [2021-04-20T10:42:10.115Z] Error: getaddrinfo ENOTFOUND iam.googleapis.com
    at GetAddrInfoReqWrap.onlookup [as oncomplete] (dns.js:66:26)
[error] 
[error] Error: Server Error. getaddrinfo ENOTFOUND iam.googleapis.com
